   1              		.syntax unified
   2              		.cpu cortex-m3
   3              		.fpu softvfp
   4              		.eabi_attribute 20, 1
   5              		.eabi_attribute 21, 1
   6              		.eabi_attribute 23, 3
   7              		.eabi_attribute 24, 1
   8              		.eabi_attribute 25, 1
   9              		.eabi_attribute 26, 1
  10              		.eabi_attribute 30, 6
  11              		.eabi_attribute 34, 1
  12              		.eabi_attribute 18, 4
  13              		.thumb
  14              		.file	"stm32f10x_dbgmcu.c"
  15              		.text
  16              	.Ltext0:
  17              		.cfi_sections	.debug_frame
  18              		.align	2
  19              		.global	DBGMCU_GetREVID
  20              		.thumb
  21              		.thumb_func
  23              	DBGMCU_GetREVID:
  24              	.LFB29:
  25              		.file 1 "../SPL/src/stm32f10x_dbgmcu.c"
   1:../SPL/src/stm32f10x_dbgmcu.c **** /**
   2:../SPL/src/stm32f10x_dbgmcu.c ****   ******************************************************************************
   3:../SPL/src/stm32f10x_dbgmcu.c ****   * @file    stm32f10x_dbgmcu.c
   4:../SPL/src/stm32f10x_dbgmcu.c ****   * @author  MCD Application Team
   5:../SPL/src/stm32f10x_dbgmcu.c ****   * @version V3.5.0
   6:../SPL/src/stm32f10x_dbgmcu.c ****   * @date    11-March-2011
   7:../SPL/src/stm32f10x_dbgmcu.c ****   * @brief   This file provides all the DBGMCU firmware functions.
   8:../SPL/src/stm32f10x_dbgmcu.c ****   ******************************************************************************
   9:../SPL/src/stm32f10x_dbgmcu.c ****   * @attention
  10:../SPL/src/stm32f10x_dbgmcu.c ****   *
  11:../SPL/src/stm32f10x_dbgmcu.c ****   * THE PRESENT FIRMWARE WHICH IS FOR GUIDANCE ONLY AIMS AT PROVIDING CUSTOMERS
  12:../SPL/src/stm32f10x_dbgmcu.c ****   * WITH CODING INFORMATION REGARDING THEIR PRODUCTS IN ORDER FOR THEM TO SAVE
  13:../SPL/src/stm32f10x_dbgmcu.c ****   * TIME. AS A RESULT, STMICROELECTRONICS SHALL NOT BE HELD LIABLE FOR ANY
  14:../SPL/src/stm32f10x_dbgmcu.c ****   * DIRECT, INDIRECT OR CONSEQUENTIAL DAMAGES WITH RESPECT TO ANY CLAIMS ARISING
  15:../SPL/src/stm32f10x_dbgmcu.c ****   * FROM THE CONTENT OF SUCH FIRMWARE AND/OR THE USE MADE BY CUSTOMERS OF THE
  16:../SPL/src/stm32f10x_dbgmcu.c ****   * CODING INFORMATION CONTAINED HEREIN IN CONNECTION WITH THEIR PRODUCTS.
  17:../SPL/src/stm32f10x_dbgmcu.c ****   *
  18:../SPL/src/stm32f10x_dbgmcu.c ****   * <h2><center>&copy; COPYRIGHT 2011 STMicroelectronics</center></h2>
  19:../SPL/src/stm32f10x_dbgmcu.c ****   ******************************************************************************
  20:../SPL/src/stm32f10x_dbgmcu.c ****   */
  21:../SPL/src/stm32f10x_dbgmcu.c **** 
  22:../SPL/src/stm32f10x_dbgmcu.c **** /* Includes ------------------------------------------------------------------*/
  23:../SPL/src/stm32f10x_dbgmcu.c **** #include "stm32f10x_dbgmcu.h"
  24:../SPL/src/stm32f10x_dbgmcu.c **** 
  25:../SPL/src/stm32f10x_dbgmcu.c **** /** @addtogroup STM32F10x_StdPeriph_Driver
  26:../SPL/src/stm32f10x_dbgmcu.c ****   * @{
  27:../SPL/src/stm32f10x_dbgmcu.c ****   */
  28:../SPL/src/stm32f10x_dbgmcu.c **** 
  29:../SPL/src/stm32f10x_dbgmcu.c **** /** @defgroup DBGMCU 
  30:../SPL/src/stm32f10x_dbgmcu.c ****   * @brief DBGMCU driver modules
  31:../SPL/src/stm32f10x_dbgmcu.c ****   * @{
  32:../SPL/src/stm32f10x_dbgmcu.c ****   */ 
  33:../SPL/src/stm32f10x_dbgmcu.c **** 
  34:../SPL/src/stm32f10x_dbgmcu.c **** /** @defgroup DBGMCU_Private_TypesDefinitions
  35:../SPL/src/stm32f10x_dbgmcu.c ****   * @{
  36:../SPL/src/stm32f10x_dbgmcu.c ****   */
  37:../SPL/src/stm32f10x_dbgmcu.c **** 
  38:../SPL/src/stm32f10x_dbgmcu.c **** /**
  39:../SPL/src/stm32f10x_dbgmcu.c ****   * @}
  40:../SPL/src/stm32f10x_dbgmcu.c ****   */
  41:../SPL/src/stm32f10x_dbgmcu.c **** 
  42:../SPL/src/stm32f10x_dbgmcu.c **** /** @defgroup DBGMCU_Private_Defines
  43:../SPL/src/stm32f10x_dbgmcu.c ****   * @{
  44:../SPL/src/stm32f10x_dbgmcu.c ****   */
  45:../SPL/src/stm32f10x_dbgmcu.c **** 
  46:../SPL/src/stm32f10x_dbgmcu.c **** #define IDCODE_DEVID_MASK    ((uint32_t)0x00000FFF)
  47:../SPL/src/stm32f10x_dbgmcu.c **** /**
  48:../SPL/src/stm32f10x_dbgmcu.c ****   * @}
  49:../SPL/src/stm32f10x_dbgmcu.c ****   */
  50:../SPL/src/stm32f10x_dbgmcu.c **** 
  51:../SPL/src/stm32f10x_dbgmcu.c **** /** @defgroup DBGMCU_Private_Macros
  52:../SPL/src/stm32f10x_dbgmcu.c ****   * @{
  53:../SPL/src/stm32f10x_dbgmcu.c ****   */
  54:../SPL/src/stm32f10x_dbgmcu.c **** 
  55:../SPL/src/stm32f10x_dbgmcu.c **** /**
  56:../SPL/src/stm32f10x_dbgmcu.c ****   * @}
  57:../SPL/src/stm32f10x_dbgmcu.c ****   */
  58:../SPL/src/stm32f10x_dbgmcu.c **** 
  59:../SPL/src/stm32f10x_dbgmcu.c **** /** @defgroup DBGMCU_Private_Variables
  60:../SPL/src/stm32f10x_dbgmcu.c ****   * @{
  61:../SPL/src/stm32f10x_dbgmcu.c ****   */
  62:../SPL/src/stm32f10x_dbgmcu.c **** 
  63:../SPL/src/stm32f10x_dbgmcu.c **** /**
  64:../SPL/src/stm32f10x_dbgmcu.c ****   * @}
  65:../SPL/src/stm32f10x_dbgmcu.c ****   */
  66:../SPL/src/stm32f10x_dbgmcu.c **** 
  67:../SPL/src/stm32f10x_dbgmcu.c **** /** @defgroup DBGMCU_Private_FunctionPrototypes
  68:../SPL/src/stm32f10x_dbgmcu.c ****   * @{
  69:../SPL/src/stm32f10x_dbgmcu.c ****   */
  70:../SPL/src/stm32f10x_dbgmcu.c **** 
  71:../SPL/src/stm32f10x_dbgmcu.c **** /**
  72:../SPL/src/stm32f10x_dbgmcu.c ****   * @}
  73:../SPL/src/stm32f10x_dbgmcu.c ****   */
  74:../SPL/src/stm32f10x_dbgmcu.c **** 
  75:../SPL/src/stm32f10x_dbgmcu.c **** /** @defgroup DBGMCU_Private_Functions
  76:../SPL/src/stm32f10x_dbgmcu.c ****   * @{
  77:../SPL/src/stm32f10x_dbgmcu.c ****   */
  78:../SPL/src/stm32f10x_dbgmcu.c **** 
  79:../SPL/src/stm32f10x_dbgmcu.c **** /**
  80:../SPL/src/stm32f10x_dbgmcu.c ****   * @brief  Returns the device revision identifier.
  81:../SPL/src/stm32f10x_dbgmcu.c ****   * @param  None
  82:../SPL/src/stm32f10x_dbgmcu.c ****   * @retval Device revision identifier
  83:../SPL/src/stm32f10x_dbgmcu.c ****   */
  84:../SPL/src/stm32f10x_dbgmcu.c **** uint32_t DBGMCU_GetREVID(void)
  85:../SPL/src/stm32f10x_dbgmcu.c **** {
  26              		.loc 1 85 0
  27              		.cfi_startproc
  28              		@ args = 0, pretend = 0, frame = 0
  29              		@ frame_needed = 1, uses_anonymous_args = 0
  30              		@ link register save eliminated.
  31 0000 80B4     		push	{r7}
  32              	.LCFI0:
  33              		.cfi_def_cfa_offset 4
  34              		.cfi_offset 7, -4
  35 0002 00AF     		add	r7, sp, #0
  36              	.LCFI1:
  37              		.cfi_def_cfa_register 7
  86:../SPL/src/stm32f10x_dbgmcu.c ****    return(DBGMCU->IDCODE >> 16);
  38              		.loc 1 86 0
  39 0004 034B     		ldr	r3, .L3
  40 0006 1B68     		ldr	r3, [r3, #0]
  41 0008 4FEA1343 		lsr	r3, r3, #16
  87:../SPL/src/stm32f10x_dbgmcu.c **** }
  42              		.loc 1 87 0
  43 000c 1846     		mov	r0, r3
  44 000e BD46     		mov	sp, r7
  45 0010 80BC     		pop	{r7}
  46 0012 7047     		bx	lr
  47              	.L4:
  48              		.align	2
  49              	.L3:
  50 0014 002004E0 		.word	-536600576
  51              		.cfi_endproc
  52              	.LFE29:
  54              		.align	2
  55              		.global	DBGMCU_GetDEVID
  56              		.thumb
  57              		.thumb_func
  59              	DBGMCU_GetDEVID:
  60              	.LFB30:
  88:../SPL/src/stm32f10x_dbgmcu.c **** 
  89:../SPL/src/stm32f10x_dbgmcu.c **** /**
  90:../SPL/src/stm32f10x_dbgmcu.c ****   * @brief  Returns the device identifier.
  91:../SPL/src/stm32f10x_dbgmcu.c ****   * @param  None
  92:../SPL/src/stm32f10x_dbgmcu.c ****   * @retval Device identifier
  93:../SPL/src/stm32f10x_dbgmcu.c ****   */
  94:../SPL/src/stm32f10x_dbgmcu.c **** uint32_t DBGMCU_GetDEVID(void)
  95:../SPL/src/stm32f10x_dbgmcu.c **** {
  61              		.loc 1 95 0
  62              		.cfi_startproc
  63              		@ args = 0, pretend = 0, frame = 0
  64              		@ frame_needed = 1, uses_anonymous_args = 0
  65              		@ link register save eliminated.
  66 0018 80B4     		push	{r7}
  67              	.LCFI2:
  68              		.cfi_def_cfa_offset 4
  69              		.cfi_offset 7, -4
  70 001a 00AF     		add	r7, sp, #0
  71              	.LCFI3:
  72              		.cfi_def_cfa_register 7
  96:../SPL/src/stm32f10x_dbgmcu.c ****    return(DBGMCU->IDCODE & IDCODE_DEVID_MASK);
  73              		.loc 1 96 0
  74 001c 044B     		ldr	r3, .L7
  75 001e 1B68     		ldr	r3, [r3, #0]
  76 0020 4FEA0353 		lsl	r3, r3, #20
  77 0024 4FEA1353 		lsr	r3, r3, #20
  97:../SPL/src/stm32f10x_dbgmcu.c **** }
  78              		.loc 1 97 0
  79 0028 1846     		mov	r0, r3
  80 002a BD46     		mov	sp, r7
  81 002c 80BC     		pop	{r7}
  82 002e 7047     		bx	lr
  83              	.L8:
  84              		.align	2
  85              	.L7:
  86 0030 002004E0 		.word	-536600576
  87              		.cfi_endproc
  88              	.LFE30:
  90              		.section	.rodata
  91              		.align	2
  92              	.LC0:
  93 0000 2E2E2F53 		.ascii	"../SPL/src/stm32f10x_dbgmcu.c\000"
  93      504C2F73 
  93      72632F73 
  93      746D3332 
  93      66313078 
  94 001e 0000     		.text
  95              		.align	2
  96              		.global	DBGMCU_Config
  97              		.thumb
  98              		.thumb_func
 100              	DBGMCU_Config:
 101              	.LFB31:
  98:../SPL/src/stm32f10x_dbgmcu.c **** 
  99:../SPL/src/stm32f10x_dbgmcu.c **** /**
 100:../SPL/src/stm32f10x_dbgmcu.c ****   * @brief  Configures the specified peripheral and low power mode behavior
 101:../SPL/src/stm32f10x_dbgmcu.c ****   *   when the MCU under Debug mode.
 102:../SPL/src/stm32f10x_dbgmcu.c ****   * @param  DBGMCU_Periph: specifies the peripheral and low power mode.
 103:../SPL/src/stm32f10x_dbgmcu.c ****   *   This parameter can be any combination of the following values:
 104:../SPL/src/stm32f10x_dbgmcu.c ****   *     @arg DBGMCU_SLEEP: Keep debugger connection during SLEEP mode              
 105:../SPL/src/stm32f10x_dbgmcu.c ****   *     @arg DBGMCU_STOP: Keep debugger connection during STOP mode               
 106:../SPL/src/stm32f10x_dbgmcu.c ****   *     @arg DBGMCU_STANDBY: Keep debugger connection during STANDBY mode            
 107:../SPL/src/stm32f10x_dbgmcu.c ****   *     @arg DBGMCU_IWDG_STOP: Debug IWDG stopped when Core is halted          
 108:../SPL/src/stm32f10x_dbgmcu.c ****   *     @arg DBGMCU_WWDG_STOP: Debug WWDG stopped when Core is halted          
 109:../SPL/src/stm32f10x_dbgmcu.c ****   *     @arg DBGMCU_TIM1_STOP: TIM1 counter stopped when Core is halted          
 110:../SPL/src/stm32f10x_dbgmcu.c ****   *     @arg DBGMCU_TIM2_STOP: TIM2 counter stopped when Core is halted          
 111:../SPL/src/stm32f10x_dbgmcu.c ****   *     @arg DBGMCU_TIM3_STOP: TIM3 counter stopped when Core is halted          
 112:../SPL/src/stm32f10x_dbgmcu.c ****   *     @arg DBGMCU_TIM4_STOP: TIM4 counter stopped when Core is halted          
 113:../SPL/src/stm32f10x_dbgmcu.c ****   *     @arg DBGMCU_CAN1_STOP: Debug CAN2 stopped when Core is halted           
 114:../SPL/src/stm32f10x_dbgmcu.c ****   *     @arg DBGMCU_I2C1_SMBUS_TIMEOUT: I2C1 SMBUS timeout mode stopped when Core is halted
 115:../SPL/src/stm32f10x_dbgmcu.c ****   *     @arg DBGMCU_I2C2_SMBUS_TIMEOUT: I2C2 SMBUS timeout mode stopped when Core is halted
 116:../SPL/src/stm32f10x_dbgmcu.c ****   *     @arg DBGMCU_TIM5_STOP: TIM5 counter stopped when Core is halted          
 117:../SPL/src/stm32f10x_dbgmcu.c ****   *     @arg DBGMCU_TIM6_STOP: TIM6 counter stopped when Core is halted          
 118:../SPL/src/stm32f10x_dbgmcu.c ****   *     @arg DBGMCU_TIM7_STOP: TIM7 counter stopped when Core is halted          
 119:../SPL/src/stm32f10x_dbgmcu.c ****   *     @arg DBGMCU_TIM8_STOP: TIM8 counter stopped when Core is halted
 120:../SPL/src/stm32f10x_dbgmcu.c ****   *     @arg DBGMCU_CAN2_STOP: Debug CAN2 stopped when Core is halted 
 121:../SPL/src/stm32f10x_dbgmcu.c ****   *     @arg DBGMCU_TIM15_STOP: TIM15 counter stopped when Core is halted
 122:../SPL/src/stm32f10x_dbgmcu.c ****   *     @arg DBGMCU_TIM16_STOP: TIM16 counter stopped when Core is halted
 123:../SPL/src/stm32f10x_dbgmcu.c ****   *     @arg DBGMCU_TIM17_STOP: TIM17 counter stopped when Core is halted                
 124:../SPL/src/stm32f10x_dbgmcu.c ****   *     @arg DBGMCU_TIM9_STOP: TIM9 counter stopped when Core is halted
 125:../SPL/src/stm32f10x_dbgmcu.c ****   *     @arg DBGMCU_TIM10_STOP: TIM10 counter stopped when Core is halted
 126:../SPL/src/stm32f10x_dbgmcu.c ****   *     @arg DBGMCU_TIM11_STOP: TIM11 counter stopped when Core is halted
 127:../SPL/src/stm32f10x_dbgmcu.c ****   *     @arg DBGMCU_TIM12_STOP: TIM12 counter stopped when Core is halted
 128:../SPL/src/stm32f10x_dbgmcu.c ****   *     @arg DBGMCU_TIM13_STOP: TIM13 counter stopped when Core is halted
 129:../SPL/src/stm32f10x_dbgmcu.c ****   *     @arg DBGMCU_TIM14_STOP: TIM14 counter stopped when Core is halted
 130:../SPL/src/stm32f10x_dbgmcu.c ****   * @param  NewState: new state of the specified peripheral in Debug mode.
 131:../SPL/src/stm32f10x_dbgmcu.c ****   *   This parameter can be: ENABLE or DISABLE.
 132:../SPL/src/stm32f10x_dbgmcu.c ****   * @retval None
 133:../SPL/src/stm32f10x_dbgmcu.c ****   */
 134:../SPL/src/stm32f10x_dbgmcu.c **** void DBGMCU_Config(uint32_t DBGMCU_Periph, FunctionalState NewState)
 135:../SPL/src/stm32f10x_dbgmcu.c **** {
 102              		.loc 1 135 0
 103              		.cfi_startproc
 104              		@ args = 0, pretend = 0, frame = 8
 105              		@ frame_needed = 1, uses_anonymous_args = 0
 106 0034 80B5     		push	{r7, lr}
 107              	.LCFI4:
 108              		.cfi_def_cfa_offset 8
 109              		.cfi_offset 7, -8
 110              		.cfi_offset 14, -4
 111 0036 82B0     		sub	sp, sp, #8
 112              	.LCFI5:
 113              		.cfi_def_cfa_offset 16
 114 0038 00AF     		add	r7, sp, #0
 115              	.LCFI6:
 116              		.cfi_def_cfa_register 7
 117 003a 7860     		str	r0, [r7, #4]
 118 003c 0B46     		mov	r3, r1
 119 003e FB70     		strb	r3, [r7, #3]
 136:../SPL/src/stm32f10x_dbgmcu.c ****   /* Check the parameters */
 137:../SPL/src/stm32f10x_dbgmcu.c ****   assert_param(IS_DBGMCU_PERIPH(DBGMCU_Periph));
 120              		.loc 1 137 0
 121 0040 7A68     		ldr	r2, [r7, #4]
 122 0042 164B     		ldr	r3, .L15
 123 0044 1340     		ands	r3, r3, r2
 124 0046 002B     		cmp	r3, #0
 125 0048 02D1     		bne	.L10
 126              		.loc 1 137 0 is_stmt 0 discriminator 2
 127 004a 7B68     		ldr	r3, [r7, #4]
 128 004c 002B     		cmp	r3, #0
 129 004e 04D1     		bne	.L11
 130              	.L10:
 131              		.loc 1 137 0 discriminator 1
 132 0050 1348     		ldr	r0, .L15+4
 133 0052 4FF08901 		mov	r1, #137
 134 0056 FFF7FEFF 		bl	assert_failed
 135              	.L11:
 138:../SPL/src/stm32f10x_dbgmcu.c ****   assert_param(IS_FUNCTIONAL_STATE(NewState));
 136              		.loc 1 138 0 is_stmt 1
 137 005a FB78     		ldrb	r3, [r7, #3]	@ zero_extendqisi2
 138 005c 002B     		cmp	r3, #0
 139 005e 07D0     		beq	.L12
 140              		.loc 1 138 0 is_stmt 0 discriminator 1
 141 0060 FB78     		ldrb	r3, [r7, #3]	@ zero_extendqisi2
 142 0062 012B     		cmp	r3, #1
 143 0064 04D0     		beq	.L12
 144              		.loc 1 138 0 discriminator 2
 145 0066 0E48     		ldr	r0, .L15+4
 146 0068 4FF08A01 		mov	r1, #138
 147 006c FFF7FEFF 		bl	assert_failed
 148              	.L12:
 139:../SPL/src/stm32f10x_dbgmcu.c **** 
 140:../SPL/src/stm32f10x_dbgmcu.c ****   if (NewState != DISABLE)
 149              		.loc 1 140 0 is_stmt 1
 150 0070 FB78     		ldrb	r3, [r7, #3]	@ zero_extendqisi2
 151 0072 002B     		cmp	r3, #0
 152 0074 06D0     		beq	.L13
 141:../SPL/src/stm32f10x_dbgmcu.c ****   {
 142:../SPL/src/stm32f10x_dbgmcu.c ****     DBGMCU->CR |= DBGMCU_Periph;
 153              		.loc 1 142 0
 154 0076 0B4B     		ldr	r3, .L15+8
 155 0078 0A4A     		ldr	r2, .L15+8
 156 007a 5168     		ldr	r1, [r2, #4]
 157 007c 7A68     		ldr	r2, [r7, #4]
 158 007e 0A43     		orrs	r2, r2, r1
 159 0080 5A60     		str	r2, [r3, #4]
 160 0082 07E0     		b	.L9
 161              	.L13:
 143:../SPL/src/stm32f10x_dbgmcu.c ****   }
 144:../SPL/src/stm32f10x_dbgmcu.c ****   else
 145:../SPL/src/stm32f10x_dbgmcu.c ****   {
 146:../SPL/src/stm32f10x_dbgmcu.c ****     DBGMCU->CR &= ~DBGMCU_Periph;
 162              		.loc 1 146 0
 163 0084 074B     		ldr	r3, .L15+8
 164 0086 074A     		ldr	r2, .L15+8
 165 0088 5168     		ldr	r1, [r2, #4]
 166 008a 7A68     		ldr	r2, [r7, #4]
 167 008c 6FEA0202 		mvn	r2, r2
 168 0090 0A40     		ands	r2, r2, r1
 169 0092 5A60     		str	r2, [r3, #4]
 170              	.L9:
 147:../SPL/src/stm32f10x_dbgmcu.c ****   }
 148:../SPL/src/stm32f10x_dbgmcu.c **** }
 171              		.loc 1 148 0
 172 0094 07F10807 		add	r7, r7, #8
 173 0098 BD46     		mov	sp, r7
 174 009a 80BD     		pop	{r7, pc}
 175              	.L16:
 176              		.align	2
 177              	.L15:
 178 009c F8000080 		.word	-2147483400
 179 00a0 00000000 		.word	.LC0
 180 00a4 002004E0 		.word	-536600576
 181              		.cfi_endproc
 182              	.LFE31:
 184              	.Letext0:
 185              		.file 2 "c:\\program files (x86)\\codesourcery\\sourcery_codebench_lite_for_arm_eabi\\bin\\../lib/
 186              		.file 3 "C:\\Users\\PC108\\Export_project\\stm32_ld_vl\\CMSIS/stm32f10x.h"
 187              		.file 4 "C:\\Users\\PC108\\Export_project\\stm32_ld_vl\\CMSIS/core_cm3.h"
DEFINED SYMBOLS
                            *ABS*:00000000 stm32f10x_dbgmcu.c
C:\Users\PC108\AppData\Local\Temp\ccCImis8.s:18     .text:00000000 $t
C:\Users\PC108\AppData\Local\Temp\ccCImis8.s:23     .text:00000000 DBGMCU_GetREVID
C:\Users\PC108\AppData\Local\Temp\ccCImis8.s:50     .text:00000014 $d
C:\Users\PC108\AppData\Local\Temp\ccCImis8.s:54     .text:00000018 $t
C:\Users\PC108\AppData\Local\Temp\ccCImis8.s:59     .text:00000018 DBGMCU_GetDEVID
C:\Users\PC108\AppData\Local\Temp\ccCImis8.s:86     .text:00000030 $d
C:\Users\PC108\AppData\Local\Temp\ccCImis8.s:91     .rodata:00000000 $d
C:\Users\PC108\AppData\Local\Temp\ccCImis8.s:95     .text:00000034 $t
C:\Users\PC108\AppData\Local\Temp\ccCImis8.s:100    .text:00000034 DBGMCU_Config
C:\Users\PC108\AppData\Local\Temp\ccCImis8.s:178    .text:0000009c $d
                     .debug_frame:00000010 $d
                           .group:00000000 wm4.1.9001f459856fa07d79ce9793bb17c6cd
                           .group:00000000 wm4.stm32f10x.h.51.b859cb68ed44ee02c916b41cb8c68f1c
                           .group:00000000 wm4.core_cm3.h.25.d35e9a9b04ec4aaebae9bf79fff061f9
                           .group:00000000 wm4.stdint.h.10.90b695f550ca6cc3fb08fa83baf01e05
                           .group:00000000 wm4.core_cm3.h.113.b286929a54d33b4c8909a7132437b244
                           .group:00000000 wm4.stm32f10x.h.522.115ebb8291fa96f8c9e0b9a9b670f703
                           .group:00000000 wm4.stm32f10x_exti.h.56.8b2f216f9ded9d03a9eb42ed6973fc04
                           .group:00000000 wm4.stm32f10x_gpio.h.25.80c981af0e637567395034c576cfb3ce
                           .group:00000000 wm4.stm32f10x_rcc.h.25.fe8897e7491f2eb0cff54551d08eb765
                           .group:00000000 wm4.stm32f10x_tim.h.25.21c6ec062f1e74898cb96a57da276fec
                           .group:00000000 wm4.stm32f10x_usart.h.25.29629c699b65db3f3efd3561f66b0bf6
                           .group:00000000 wm4.misc.h.25.068e106f368fa5369a681ef57c106f4b
                           .group:00000000 wm4.stm32f10x.h.8304.f7d8ad90959e99679b3257267c3aadfe
                           .group:00000000 wm4.stm32f10x_dbgmcu.h.54.c05c906cc4d790639345bc56e47258b9

UNDEFINED SYMBOLS
assert_failed
